<?xml version="1.0" encoding="UTF-8"?>
<testsuite name="SequenceGeneratorTest" tests="2" skipped="0" failures="0" errors="0" timestamp="2021-05-26T09:32:05" hostname="LAPTOP-PPH4D9KA" time="0.018">
  <properties/>
  <testcase name="checkTheNumberIsPositive()" classname="SequenceGeneratorTest" time="0.016"/>
  <testcase name="checkTheNumberIsNegative()" classname="SequenceGeneratorTest" time="0.001"/>
  <system-out><![CDATA[]]></system-out>
  <system-err><![CDATA[]]></system-err>
</testsuite>
